[0.181s] Invoking command in '/home/apple/gcamp_ros2_ws/build/py_action_pkg': AMENT_PREFIX_PATH=/home/apple/gcamp_ros2_ws/install/custom_interfaces:${AMENT_PREFIX_PATH} CMAKE_PREFIX_PATH=/home/apple/gcamp_ros2_ws/install/custom_interfaces:${CMAKE_PREFIX_PATH} LD_LIBRARY_PATH=/home/apple/gcamp_ros2_ws/install/custom_interfaces/lib:${LD_LIBRARY_PATH} PYTHONPATH=/home/apple/gcamp_ros2_ws/install/py_action_pkg/lib/python3.8/site-packages:/home/apple/gcamp_ros2_ws/install/custom_interfaces/lib/python3.8/site-packages:${PYTHONPATH} /usr/bin/python3 setup.py develop --prefix /home/apple/gcamp_ros2_ws/install/py_action_pkg --editable --build-directory /home/apple/gcamp_ros2_ws/build/py_action_pkg/build --no-deps install_data --install-dir /home/apple/gcamp_ros2_ws/install/py_action_pkg
[0.347s] running develop
[0.443s] running egg_info
[0.443s] writing py_action_pkg.egg-info/PKG-INFO
[0.443s] writing dependency_links to py_action_pkg.egg-info/dependency_links.txt
[0.443s] writing entry points to py_action_pkg.egg-info/entry_points.txt
[0.443s] writing requirements to py_action_pkg.egg-info/requires.txt
[0.443s] writing top-level names to py_action_pkg.egg-info/top_level.txt
[0.466s] reading manifest file 'py_action_pkg.egg-info/SOURCES.txt'
[0.467s] writing manifest file 'py_action_pkg.egg-info/SOURCES.txt'
[0.490s] running build_ext
[0.491s] Creating /home/apple/gcamp_ros2_ws/install/py_action_pkg/lib/python3.8/site-packages/py-action-pkg.egg-link (link to .)
[0.491s] Installing fibonacci_action_client script to /home/apple/gcamp_ros2_ws/install/py_action_pkg/lib/py_action_pkg
[0.492s] Installing fibonacci_action_client_cancel script to /home/apple/gcamp_ros2_ws/install/py_action_pkg/lib/py_action_pkg
[0.492s] Installing fibonacci_action_server script to /home/apple/gcamp_ros2_ws/install/py_action_pkg/lib/py_action_pkg
[0.492s] Installing fibonacci_action_server_cancel script to /home/apple/gcamp_ros2_ws/install/py_action_pkg/lib/py_action_pkg
[0.492s] Installing img_subscriber_node script to /home/apple/gcamp_ros2_ws/install/py_action_pkg/lib/py_action_pkg
[0.492s] Installing maze_action_client script to /home/apple/gcamp_ros2_ws/install/py_action_pkg/lib/py_action_pkg
[0.492s] Installing maze_action_server script to /home/apple/gcamp_ros2_ws/install/py_action_pkg/lib/py_action_pkg
[0.493s] Installing odom_sub_node script to /home/apple/gcamp_ros2_ws/install/py_action_pkg/lib/py_action_pkg
[0.493s] Installing robot_controller script to /home/apple/gcamp_ros2_ws/install/py_action_pkg/lib/py_action_pkg
[0.493s] 
[0.493s] Installed /home/apple/gcamp_ros2_ws/build/py_action_pkg
[0.493s] running install_data
[0.510s] Invoked command in '/home/apple/gcamp_ros2_ws/build/py_action_pkg' returned '0': AMENT_PREFIX_PATH=/home/apple/gcamp_ros2_ws/install/custom_interfaces:${AMENT_PREFIX_PATH} CMAKE_PREFIX_PATH=/home/apple/gcamp_ros2_ws/install/custom_interfaces:${CMAKE_PREFIX_PATH} LD_LIBRARY_PATH=/home/apple/gcamp_ros2_ws/install/custom_interfaces/lib:${LD_LIBRARY_PATH} PYTHONPATH=/home/apple/gcamp_ros2_ws/install/py_action_pkg/lib/python3.8/site-packages:/home/apple/gcamp_ros2_ws/install/custom_interfaces/lib/python3.8/site-packages:${PYTHONPATH} /usr/bin/python3 setup.py develop --prefix /home/apple/gcamp_ros2_ws/install/py_action_pkg --editable --build-directory /home/apple/gcamp_ros2_ws/build/py_action_pkg/build --no-deps install_data --install-dir /home/apple/gcamp_ros2_ws/install/py_action_pkg
