[0.173s] Invoking command in '/home/apple/gcamp_ros2_ws/build/py_action_pkg': PYTHONPATH=/home/apple/gcamp_ros2_ws/install/py_action_pkg/lib/python3.8/site-packages:${PYTHONPATH} /usr/bin/python3 setup.py develop --prefix /home/apple/gcamp_ros2_ws/install/py_action_pkg --editable --build-directory /home/apple/gcamp_ros2_ws/build/py_action_pkg/build --no-deps install_data --install-dir /home/apple/gcamp_ros2_ws/install/py_action_pkg
[0.333s] running develop
[0.426s] running egg_info
[0.426s] creating py_action_pkg.egg-info
[0.426s] writing py_action_pkg.egg-info/PKG-INFO
[0.426s] writing dependency_links to py_action_pkg.egg-info/dependency_links.txt
[0.426s] writing entry points to py_action_pkg.egg-info/entry_points.txt
[0.426s] writing requirements to py_action_pkg.egg-info/requires.txt
[0.426s] writing top-level names to py_action_pkg.egg-info/top_level.txt
[0.427s] writing manifest file 'py_action_pkg.egg-info/SOURCES.txt'
[0.450s] reading manifest file 'py_action_pkg.egg-info/SOURCES.txt'
[0.450s] writing manifest file 'py_action_pkg.egg-info/SOURCES.txt'
[0.474s] running build_ext
[0.474s] Creating /home/apple/gcamp_ros2_ws/install/py_action_pkg/lib/python3.8/site-packages/site.py
[0.476s] Creating /home/apple/gcamp_ros2_ws/install/py_action_pkg/lib/python3.8/site-packages/py-action-pkg.egg-link (link to .)
[0.476s] Installing fibonacci_action_client script to /home/apple/gcamp_ros2_ws/install/py_action_pkg/lib/py_action_pkg
[0.477s] Installing fibonacci_action_client_cancel script to /home/apple/gcamp_ros2_ws/install/py_action_pkg/lib/py_action_pkg
[0.477s] Installing fibonacci_action_server script to /home/apple/gcamp_ros2_ws/install/py_action_pkg/lib/py_action_pkg
[0.477s] Installing fibonacci_action_server_cancel script to /home/apple/gcamp_ros2_ws/install/py_action_pkg/lib/py_action_pkg
[0.477s] Installing img_subscriber_node script to /home/apple/gcamp_ros2_ws/install/py_action_pkg/lib/py_action_pkg
[0.477s] Installing maze_action_client script to /home/apple/gcamp_ros2_ws/install/py_action_pkg/lib/py_action_pkg
[0.477s] Installing maze_action_server script to /home/apple/gcamp_ros2_ws/install/py_action_pkg/lib/py_action_pkg
[0.477s] Installing odom_sub_node script to /home/apple/gcamp_ros2_ws/install/py_action_pkg/lib/py_action_pkg
[0.477s] Installing robot_controller script to /home/apple/gcamp_ros2_ws/install/py_action_pkg/lib/py_action_pkg
[0.477s] 
[0.477s] Installed /home/apple/gcamp_ros2_ws/build/py_action_pkg
[0.478s] running install_data
[0.478s] creating /home/apple/gcamp_ros2_ws/install/py_action_pkg/share/ament_index
[0.478s] creating /home/apple/gcamp_ros2_ws/install/py_action_pkg/share/ament_index/resource_index
[0.478s] creating /home/apple/gcamp_ros2_ws/install/py_action_pkg/share/ament_index/resource_index/packages
[0.478s] copying resource/py_action_pkg -> /home/apple/gcamp_ros2_ws/install/py_action_pkg/share/ament_index/resource_index/packages
[0.478s] copying package.xml -> /home/apple/gcamp_ros2_ws/install/py_action_pkg/share/py_action_pkg
[0.478s] creating /home/apple/gcamp_ros2_ws/install/py_action_pkg/share/py_action_pkg/launch
[0.478s] copying launch/maze_action_srv.launch.py -> /home/apple/gcamp_ros2_ws/install/py_action_pkg/share/py_action_pkg/launch
[0.495s] Invoked command in '/home/apple/gcamp_ros2_ws/build/py_action_pkg' returned '0': PYTHONPATH=/home/apple/gcamp_ros2_ws/install/py_action_pkg/lib/python3.8/site-packages:${PYTHONPATH} /usr/bin/python3 setup.py develop --prefix /home/apple/gcamp_ros2_ws/install/py_action_pkg --editable --build-directory /home/apple/gcamp_ros2_ws/build/py_action_pkg/build --no-deps install_data --install-dir /home/apple/gcamp_ros2_ws/install/py_action_pkg
