[0.232s] DEBUG:colcon:Command line arguments: ['/usr/bin/colcon', 'build', '--symlink-install']
[0.232s] DEBUG:colcon:Parsed command line arguments: Namespace(ament_cmake_args=None, base_paths=['.'], build_base='build', catkin_cmake_args=None, catkin_skip_building_tests=False, cmake_args=None, cmake_clean_cache=False, cmake_clean_first=False, cmake_force_configure=False, cmake_target=None, cmake_target_skip_unavailable=False, continue_on_error=False, event_handlers=None, executor='parallel', ignore_user_meta=False, install_base='install', log_base=None, log_level=None, main=<bound method BuildVerb.main of <colcon_core.verb.build.BuildVerb object at 0x7fcf3e0e8280>>, merge_install=False, metas=['./colcon.meta'], packages_above=None, packages_above_and_dependencies=None, packages_above_depth=None, packages_end=None, packages_ignore=None, packages_ignore_regex=None, packages_select=None, packages_select_build_failed=False, packages_select_by_dep=None, packages_select_regex=None, packages_select_test_failures=False, packages_skip=None, packages_skip_build_finished=False, packages_skip_by_dep=None, packages_skip_regex=None, packages_skip_test_passed=False, packages_skip_up_to=None, packages_start=None, packages_up_to=None, packages_up_to_regex=None, parallel_workers=12, paths=None, symlink_install=True, test_result_base=None, verb_extension=<colcon_core.verb.build.BuildVerb object at 0x7fcf3e0e8280>, verb_name='build', verb_parser=<colcon_defaults.argument_parser.defaults.DefaultArgumentsDecorator object at 0x7fcf3e0e87c0>)
[0.236s] Level 1:colcon.colcon_core.package_discovery:discover_packages(colcon_meta) check parameters
[0.236s] Level 1:colcon.colcon_core.package_discovery:discover_packages(recursive) check parameters
[0.236s] Level 1:colcon.colcon_core.package_discovery:discover_packages(ignore) check parameters
[0.236s] Level 1:colcon.colcon_core.package_discovery:discover_packages(path) check parameters
[0.236s] Level 1:colcon.colcon_core.package_discovery:discover_packages(colcon_meta) discover
[0.236s] Level 1:colcon.colcon_core.package_discovery:discover_packages(recursive) discover
[0.236s] INFO:colcon.colcon_core.package_discovery:Crawling recursively for packages in '/home/apple/gcamp_ros2_ws/build'
[0.236s] Level 1:colcon.colcon_core.package_identification:_identify(.) by extensions ['ignore', 'ignore_ament_install']
[0.236s] Level 1:colcon.colcon_core.package_identification:_identify(.) by extension 'ignore'
[0.236s] Level 1:colcon.colcon_core.package_identification:_identify(.) ignored
[0.236s] Level 1:colcon.colcon_core.package_discovery:discover_packages(recursive) using defaults
[0.236s] Level 1:colcon.colcon_core.package_discovery:discover_packages(ignore) discover
[0.236s] Level 1:colcon.colcon_core.package_discovery:discover_packages(ignore) using defaults
[0.236s] Level 1:colcon.colcon_core.package_discovery:discover_packages(path) discover
[0.236s] Level 1:colcon.colcon_core.package_discovery:discover_packages(path) using defaults
[0.250s] INFO:colcon.colcon_core.executor:Executing jobs using 'parallel' executor
[0.251s] DEBUG:colcon.colcon_parallel_executor.executor.parallel:run_until_complete
[0.251s] DEBUG:colcon.colcon_parallel_executor.executor.parallel:closing loop
[0.252s] DEBUG:colcon.colcon_parallel_executor.executor.parallel:loop closed
[0.252s] DEBUG:colcon.colcon_parallel_executor.executor.parallel:run_until_complete finished with '0'
[0.252s] DEBUG:colcon.colcon_core.event_reactor:joining thread
[0.256s] INFO:colcon.colcon_core.plugin_system:Skipping extension 'colcon_notification.desktop_notification.terminal_notifier': Not used on non-Darwin systems
[0.256s] INFO:colcon.colcon_core.plugin_system:Skipping extension 'colcon_notification.desktop_notification.win32': Not used on non-Windows systems
[0.257s] INFO:colcon.colcon_notification.desktop_notification:Sending desktop notification using 'notify2'
[0.268s] DEBUG:colcon.colcon_core.event_reactor:joined thread
[0.271s] INFO:colcon.colcon_core.plugin_system:Skipping extension 'colcon_core.shell.bat': Not used on non-Windows systems
[0.271s] INFO:colcon.colcon_core.shell:Creating prefix script '/home/apple/gcamp_ros2_ws/build/install/local_setup.ps1'
[0.272s] INFO:colcon.colcon_core.shell:Creating prefix util module '/home/apple/gcamp_ros2_ws/build/install/_local_setup_util_ps1.py'
[0.272s] INFO:colcon.colcon_core.shell:Creating prefix chain script '/home/apple/gcamp_ros2_ws/build/install/setup.ps1'
[0.275s] INFO:colcon.colcon_core.shell:Creating prefix script '/home/apple/gcamp_ros2_ws/build/install/local_setup.sh'
[0.275s] INFO:colcon.colcon_core.shell:Creating prefix util module '/home/apple/gcamp_ros2_ws/build/install/_local_setup_util_sh.py'
[0.276s] INFO:colcon.colcon_core.shell:Creating prefix chain script '/home/apple/gcamp_ros2_ws/build/install/setup.sh'
[0.279s] INFO:colcon.colcon_core.shell:Creating prefix script '/home/apple/gcamp_ros2_ws/build/install/local_setup.bash'
[0.279s] INFO:colcon.colcon_core.shell:Creating prefix chain script '/home/apple/gcamp_ros2_ws/build/install/setup.bash'
[0.282s] INFO:colcon.colcon_core.shell:Creating prefix script '/home/apple/gcamp_ros2_ws/build/install/local_setup.zsh'
[0.282s] INFO:colcon.colcon_core.shell:Creating prefix chain script '/home/apple/gcamp_ros2_ws/build/install/setup.zsh'
