[0.170s] Invoking command in '/home/apple/gcamp_ros2_ws/build/py_action_pkg': PYTHONPATH=/home/apple/gcamp_ros2_ws/install/py_action_pkg/lib/python3.8/site-packages:${PYTHONPATH} /usr/bin/python3 setup.py develop --prefix /home/apple/gcamp_ros2_ws/install/py_action_pkg --editable --build-directory /home/apple/gcamp_ros2_ws/build/py_action_pkg/build --no-deps install_data --install-dir /home/apple/gcamp_ros2_ws/install/py_action_pkg
[0.331s] running develop
[0.423s] running egg_info
[0.423s] writing py_action_pkg.egg-info/PKG-INFO
[0.424s] writing dependency_links to py_action_pkg.egg-info/dependency_links.txt
[0.424s] writing entry points to py_action_pkg.egg-info/entry_points.txt
[0.424s] writing requirements to py_action_pkg.egg-info/requires.txt
[0.424s] writing top-level names to py_action_pkg.egg-info/top_level.txt
[0.447s] reading manifest file 'py_action_pkg.egg-info/SOURCES.txt'
[0.448s] writing manifest file 'py_action_pkg.egg-info/SOURCES.txt'
[0.471s] running build_ext
[0.471s] Creating /home/apple/gcamp_ros2_ws/install/py_action_pkg/lib/python3.8/site-packages/py-action-pkg.egg-link (link to .)
[0.472s] Installing fibonacci_action_client script to /home/apple/gcamp_ros2_ws/install/py_action_pkg/lib/py_action_pkg
[0.472s] Installing fibonacci_action_client_cancel script to /home/apple/gcamp_ros2_ws/install/py_action_pkg/lib/py_action_pkg
[0.473s] Installing fibonacci_action_server script to /home/apple/gcamp_ros2_ws/install/py_action_pkg/lib/py_action_pkg
[0.473s] Installing fibonacci_action_server_cancel script to /home/apple/gcamp_ros2_ws/install/py_action_pkg/lib/py_action_pkg
[0.473s] Installing img_subscriber_node script to /home/apple/gcamp_ros2_ws/install/py_action_pkg/lib/py_action_pkg
[0.473s] Installing maze_action_client script to /home/apple/gcamp_ros2_ws/install/py_action_pkg/lib/py_action_pkg
[0.473s] Installing maze_action_server script to /home/apple/gcamp_ros2_ws/install/py_action_pkg/lib/py_action_pkg
[0.473s] Installing odom_sub_node script to /home/apple/gcamp_ros2_ws/install/py_action_pkg/lib/py_action_pkg
[0.473s] Installing robot_controller script to /home/apple/gcamp_ros2_ws/install/py_action_pkg/lib/py_action_pkg
[0.473s] 
[0.473s] Installed /home/apple/gcamp_ros2_ws/build/py_action_pkg
[0.473s] running install_data
[0.489s] Invoked command in '/home/apple/gcamp_ros2_ws/build/py_action_pkg' returned '0': PYTHONPATH=/home/apple/gcamp_ros2_ws/install/py_action_pkg/lib/python3.8/site-packages:${PYTHONPATH} /usr/bin/python3 setup.py develop --prefix /home/apple/gcamp_ros2_ws/install/py_action_pkg --editable --build-directory /home/apple/gcamp_ros2_ws/build/py_action_pkg/build --no-deps install_data --install-dir /home/apple/gcamp_ros2_ws/install/py_action_pkg
