[0.038s] Invoking command in '/home/apple/gcamp_ros2_ws/build/cpp_first_pkg': CMAKE_PREFIX_PATH=${CMAKE_PREFIX_PATH}:/home/apple/gcamp_ros2_ws/install/py_topic_pkg:/home/apple/gcamp_ros2_ws/install/py_service_pkg:/home/apple/gcamp_ros2_ws/install/py_action_pkg:/opt/ros/foxy /usr/bin/cmake --build /home/apple/gcamp_ros2_ws/build/cpp_first_pkg -- -j12 -l12
[0.435s] [ 20%] Built target simple_loop_node
[0.436s] [ 40%] Built target lifecycle_node
[0.436s] [ 80%] Built target simple_node
[0.436s] [ 80%] Built target simple_without_oop_node
[0.436s] [100%] Built target simple_oop_node
[0.440s] Invoked command in '/home/apple/gcamp_ros2_ws/build/cpp_first_pkg' returned '0': CMAKE_PREFIX_PATH=${CMAKE_PREFIX_PATH}:/home/apple/gcamp_ros2_ws/install/py_topic_pkg:/home/apple/gcamp_ros2_ws/install/py_service_pkg:/home/apple/gcamp_ros2_ws/install/py_action_pkg:/opt/ros/foxy /usr/bin/cmake --build /home/apple/gcamp_ros2_ws/build/cpp_first_pkg -- -j12 -l12
[0.475s] Invoking command in '/home/apple/gcamp_ros2_ws/build/cpp_first_pkg': CMAKE_PREFIX_PATH=${CMAKE_PREFIX_PATH}:/home/apple/gcamp_ros2_ws/install/py_topic_pkg:/home/apple/gcamp_ros2_ws/install/py_service_pkg:/home/apple/gcamp_ros2_ws/install/py_action_pkg:/opt/ros/foxy /usr/bin/cmake --install /home/apple/gcamp_ros2_ws/build/cpp_first_pkg
[0.491s] -- Install configuration: ""
[0.492s] -- Execute custom install script
[0.493s] -- Up-to-date symlink: /home/apple/gcamp_ros2_ws/install/cpp_first_pkg/lib/cpp_first_pkg/lifecycle_node
[0.494s] -- Up-to-date symlink: /home/apple/gcamp_ros2_ws/install/cpp_first_pkg/lib/cpp_first_pkg/simple_loop_node
[0.494s] -- Up-to-date symlink: /home/apple/gcamp_ros2_ws/install/cpp_first_pkg/lib/cpp_first_pkg/simple_oop_node
[0.494s] -- Up-to-date symlink: /home/apple/gcamp_ros2_ws/install/cpp_first_pkg/lib/cpp_first_pkg/simple_without_oop_node
[0.495s] -- Up-to-date symlink: /home/apple/gcamp_ros2_ws/install/cpp_first_pkg/lib/cpp_first_pkg/simple_node
[0.495s] -- Up-to-date symlink: /home/apple/gcamp_ros2_ws/install/cpp_first_pkg/share/ament_index/resource_index/package_run_dependencies/cpp_first_pkg
[0.495s] -- Up-to-date symlink: /home/apple/gcamp_ros2_ws/install/cpp_first_pkg/share/ament_index/resource_index/parent_prefix_path/cpp_first_pkg
[0.495s] -- Up-to-date symlink: /home/apple/gcamp_ros2_ws/install/cpp_first_pkg/share/cpp_first_pkg/environment/ament_prefix_path.sh
[0.495s] -- Up-to-date symlink: /home/apple/gcamp_ros2_ws/install/cpp_first_pkg/share/cpp_first_pkg/environment/ament_prefix_path.dsv
[0.496s] -- Up-to-date symlink: /home/apple/gcamp_ros2_ws/install/cpp_first_pkg/share/cpp_first_pkg/environment/path.sh
[0.496s] -- Up-to-date symlink: /home/apple/gcamp_ros2_ws/install/cpp_first_pkg/share/cpp_first_pkg/environment/path.dsv
[0.497s] -- Up-to-date symlink: /home/apple/gcamp_ros2_ws/install/cpp_first_pkg/share/cpp_first_pkg/local_setup.bash
[0.497s] -- Up-to-date symlink: /home/apple/gcamp_ros2_ws/install/cpp_first_pkg/share/cpp_first_pkg/local_setup.sh
[0.497s] -- Up-to-date symlink: /home/apple/gcamp_ros2_ws/install/cpp_first_pkg/share/cpp_first_pkg/local_setup.zsh
[0.498s] -- Up-to-date symlink: /home/apple/gcamp_ros2_ws/install/cpp_first_pkg/share/cpp_first_pkg/local_setup.dsv
[0.498s] -- Symlinking: /home/apple/gcamp_ros2_ws/install/cpp_first_pkg/share/cpp_first_pkg/package.dsv
[0.506s] -- Up-to-date symlink: /home/apple/gcamp_ros2_ws/install/cpp_first_pkg/share/ament_index/resource_index/packages/cpp_first_pkg
[0.507s] -- Up-to-date symlink: /home/apple/gcamp_ros2_ws/install/cpp_first_pkg/share/cpp_first_pkg/cmake/cpp_first_pkgConfig.cmake
[0.507s] -- Up-to-date symlink: /home/apple/gcamp_ros2_ws/install/cpp_first_pkg/share/cpp_first_pkg/cmake/cpp_first_pkgConfig-version.cmake
[0.507s] -- Up-to-date symlink: /home/apple/gcamp_ros2_ws/install/cpp_first_pkg/share/cpp_first_pkg/package.xml
[0.507s] -- Up-to-date symlink: /home/apple/gcamp_ros2_ws/install/cpp_first_pkg/share/cpp_first_pkg//launch/simple_node.launch.py
[0.542s] Invoked command in '/home/apple/gcamp_ros2_ws/build/cpp_first_pkg' returned '0': CMAKE_PREFIX_PATH=${CMAKE_PREFIX_PATH}:/home/apple/gcamp_ros2_ws/install/py_topic_pkg:/home/apple/gcamp_ros2_ws/install/py_service_pkg:/home/apple/gcamp_ros2_ws/install/py_action_pkg:/opt/ros/foxy /usr/bin/cmake --install /home/apple/gcamp_ros2_ws/build/cpp_first_pkg
