[0.042s] Invoking command in '/home/apple/gcamp_ros2_ws/build/custom_interfaces': CMAKE_PREFIX_PATH=${CMAKE_PREFIX_PATH}:/home/apple/gcamp_ros2_ws/install/py_topic_pkg:/home/apple/gcamp_ros2_ws/install/py_service_pkg:/home/apple/gcamp_ros2_ws/install/py_action_pkg:/opt/ros/foxy /usr/bin/cmake --build /home/apple/gcamp_ros2_ws/build/custom_interfaces -- -j12 -l12
[0.435s] [  1%] Built target custom_interfaces__cpp
[0.436s] [ 12%] Built target custom_interfaces__rosidl_generator_c
[0.436s] [ 23%] Built target custom_interfaces__rosidl_typesupport_introspection_cpp
[0.437s] [ 34%] Built target custom_interfaces__rosidl_typesupport_cpp
[0.438s] [ 46%] Built target custom_interfaces__rosidl_typesupport_c
[0.438s] [ 57%] Built target custom_interfaces__rosidl_typesupport_introspection_c
[0.438s] [ 68%] Built target custom_interfaces__rosidl_typesupport_fastrtps_cpp
[0.438s] [ 79%] Built target custom_interfaces__rosidl_typesupport_fastrtps_c
[0.439s] [ 79%] Built target custom_interfaces
[0.439s] [ 80%] Built target custom_interfaces__py
[0.439s] [ 90%] Built target custom_interfaces__python
[0.440s] [100%] Built target custom_interfaces__rosidl_typesupport_fastrtps_c__pyext
[0.440s] [100%] Built target custom_interfaces__rosidl_typesupport_c__pyext
[0.440s] [100%] Built target custom_interfaces__rosidl_typesupport_introspection_c__pyext
[0.445s] Invoked command in '/home/apple/gcamp_ros2_ws/build/custom_interfaces' returned '0': CMAKE_PREFIX_PATH=${CMAKE_PREFIX_PATH}:/home/apple/gcamp_ros2_ws/install/py_topic_pkg:/home/apple/gcamp_ros2_ws/install/py_service_pkg:/home/apple/gcamp_ros2_ws/install/py_action_pkg:/opt/ros/foxy /usr/bin/cmake --build /home/apple/gcamp_ros2_ws/build/custom_interfaces -- -j12 -l12
[0.562s] Invoking command in '/home/apple/gcamp_ros2_ws/build/custom_interfaces': CMAKE_PREFIX_PATH=${CMAKE_PREFIX_PATH}:/home/apple/gcamp_ros2_ws/install/py_topic_pkg:/home/apple/gcamp_ros2_ws/install/py_service_pkg:/home/apple/gcamp_ros2_ws/install/py_action_pkg:/opt/ros/foxy /usr/bin/cmake --install /home/apple/gcamp_ros2_ws/build/custom_interfaces
[0.568s] -- Install configuration: ""
[0.569s] -- Execute custom install script
[0.569s] -- Symlinking: /home/apple/gcamp_ros2_ws/install/custom_interfaces/share/ament_index/resource_index/rosidl_interfaces/custom_interfaces
[0.577s] -- Symlinking: /home/apple/gcamp_ros2_ws/install/custom_interfaces/include/custom_interfaces/action/detail/fibonacci__functions.h
[0.585s] -- Symlinking: /home/apple/gcamp_ros2_ws/install/custom_interfaces/include/custom_interfaces/action/detail/fibonacci__struct.h
[0.591s] -- Symlinking: /home/apple/gcamp_ros2_ws/install/custom_interfaces/include/custom_interfaces/action/detail/fibonacci__type_support.h
[0.597s] -- Symlinking: /home/apple/gcamp_ros2_ws/install/custom_interfaces/include/custom_interfaces/action/detail/maze__functions.h
[0.605s] -- Symlinking: /home/apple/gcamp_ros2_ws/install/custom_interfaces/include/custom_interfaces/action/detail/maze__struct.h
[0.611s] -- Symlinking: /home/apple/gcamp_ros2_ws/install/custom_interfaces/include/custom_interfaces/action/detail/maze__type_support.h
[0.619s] -- Symlinking: /home/apple/gcamp_ros2_ws/install/custom_interfaces/include/custom_interfaces/action/fibonacci.h
[0.625s] -- Symlinking: /home/apple/gcamp_ros2_ws/install/custom_interfaces/include/custom_interfaces/action/maze.h
[0.632s] -- Symlinking: /home/apple/gcamp_ros2_ws/install/custom_interfaces/include/custom_interfaces/msg/detail/num__functions.h
[0.639s] -- Symlinking: /home/apple/gcamp_ros2_ws/install/custom_interfaces/include/custom_interfaces/msg/detail/num__struct.h
[0.646s] -- Symlinking: /home/apple/gcamp_ros2_ws/install/custom_interfaces/include/custom_interfaces/msg/detail/num__type_support.h
[0.653s] -- Symlinking: /home/apple/gcamp_ros2_ws/install/custom_interfaces/include/custom_interfaces/msg/num.h
[0.660s] -- Symlinking: /home/apple/gcamp_ros2_ws/install/custom_interfaces/include/custom_interfaces/msg/rosidl_generator_c__visibility_control.h
[0.666s] -- Symlinking: /home/apple/gcamp_ros2_ws/install/custom_interfaces/include/custom_interfaces/srv/add_three_ints.h
[0.673s] -- Symlinking: /home/apple/gcamp_ros2_ws/install/custom_interfaces/include/custom_interfaces/srv/detail/add_three_ints__functions.h
[0.680s] -- Symlinking: /home/apple/gcamp_ros2_ws/install/custom_interfaces/include/custom_interfaces/srv/detail/add_three_ints__struct.h
[0.686s] -- Symlinking: /home/apple/gcamp_ros2_ws/install/custom_interfaces/include/custom_interfaces/srv/detail/add_three_ints__type_support.h
[0.693s] -- Symlinking: /home/apple/gcamp_ros2_ws/install/custom_interfaces/include/custom_interfaces/srv/detail/turning_control__functions.h
[0.699s] -- Symlinking: /home/apple/gcamp_ros2_ws/install/custom_interfaces/include/custom_interfaces/srv/detail/turning_control__struct.h
[0.706s] -- Symlinking: /home/apple/gcamp_ros2_ws/install/custom_interfaces/include/custom_interfaces/srv/detail/turning_control__type_support.h
[0.712s] -- Symlinking: /home/apple/gcamp_ros2_ws/install/custom_interfaces/include/custom_interfaces/srv/turning_control.h
[0.719s] -- Symlinking: /home/apple/gcamp_ros2_ws/install/custom_interfaces/share/custom_interfaces/environment/library_path.sh
[0.726s] -- Symlinking: /home/apple/gcamp_ros2_ws/install/custom_interfaces/share/custom_interfaces/environment/library_path.dsv
[0.733s] -- Symlinking: /home/apple/gcamp_ros2_ws/install/custom_interfaces/include/custom_interfaces/action/detail/fibonacci__rosidl_typesupport_fastrtps_c.h
[0.740s] -- Symlinking: /home/apple/gcamp_ros2_ws/install/custom_interfaces/include/custom_interfaces/action/detail/maze__rosidl_typesupport_fastrtps_c.h
[0.746s] -- Symlinking: /home/apple/gcamp_ros2_ws/install/custom_interfaces/include/custom_interfaces/msg/detail/num__rosidl_typesupport_fastrtps_c.h
[0.753s] -- Symlinking: /home/apple/gcamp_ros2_ws/install/custom_interfaces/include/custom_interfaces/msg/rosidl_typesupport_fastrtps_c__visibility_control.h
[0.759s] -- Symlinking: /home/apple/gcamp_ros2_ws/install/custom_interfaces/include/custom_interfaces/srv/detail/add_three_ints__rosidl_typesupport_fastrtps_c.h
[0.766s] -- Symlinking: /home/apple/gcamp_ros2_ws/install/custom_interfaces/include/custom_interfaces/srv/detail/turning_control__rosidl_typesupport_fastrtps_c.h
[0.773s] -- Symlinking: /home/apple/gcamp_ros2_ws/install/custom_interfaces/lib/libcustom_interfaces__rosidl_typesupport_fastrtps_c.so
[0.780s] -- Symlinking: /home/apple/gcamp_ros2_ws/install/custom_interfaces/include/custom_interfaces/action/detail/fibonacci__rosidl_typesupport_fastrtps_cpp.hpp
[0.787s] -- Symlinking: /home/apple/gcamp_ros2_ws/install/custom_interfaces/include/custom_interfaces/action/detail/maze__rosidl_typesupport_fastrtps_cpp.hpp
[0.793s] -- Symlinking: /home/apple/gcamp_ros2_ws/install/custom_interfaces/include/custom_interfaces/msg/detail/num__rosidl_typesupport_fastrtps_cpp.hpp
[0.800s] -- Symlinking: /home/apple/gcamp_ros2_ws/install/custom_interfaces/include/custom_interfaces/msg/rosidl_typesupport_fastrtps_cpp__visibility_control.h
[0.808s] -- Symlinking: /home/apple/gcamp_ros2_ws/install/custom_interfaces/include/custom_interfaces/srv/detail/add_three_ints__rosidl_typesupport_fastrtps_cpp.hpp
[0.815s] -- Symlinking: /home/apple/gcamp_ros2_ws/install/custom_interfaces/include/custom_interfaces/srv/detail/turning_control__rosidl_typesupport_fastrtps_cpp.hpp
[0.823s] -- Symlinking: /home/apple/gcamp_ros2_ws/install/custom_interfaces/lib/libcustom_interfaces__rosidl_typesupport_fastrtps_cpp.so
[0.831s] -- Symlinking: /home/apple/gcamp_ros2_ws/install/custom_interfaces/include/custom_interfaces/action/detail/fibonacci__rosidl_typesupport_introspection_c.h
[0.838s] -- Symlinking: /home/apple/gcamp_ros2_ws/install/custom_interfaces/include/custom_interfaces/action/detail/maze__rosidl_typesupport_introspection_c.h
[0.845s] -- Symlinking: /home/apple/gcamp_ros2_ws/install/custom_interfaces/include/custom_interfaces/msg/detail/num__rosidl_typesupport_introspection_c.h
[0.851s] -- Symlinking: /home/apple/gcamp_ros2_ws/install/custom_interfaces/include/custom_interfaces/msg/rosidl_typesupport_introspection_c__visibility_control.h
[0.858s] -- Symlinking: /home/apple/gcamp_ros2_ws/install/custom_interfaces/include/custom_interfaces/srv/detail/add_three_ints__rosidl_typesupport_introspection_c.h
[0.864s] -- Symlinking: /home/apple/gcamp_ros2_ws/install/custom_interfaces/include/custom_interfaces/srv/detail/turning_control__rosidl_typesupport_introspection_c.h
[0.871s] -- Symlinking: /home/apple/gcamp_ros2_ws/install/custom_interfaces/include/custom_interfaces/action/detail/fibonacci__builder.hpp
[0.877s] -- Symlinking: /home/apple/gcamp_ros2_ws/install/custom_interfaces/include/custom_interfaces/action/detail/fibonacci__struct.hpp
[0.883s] -- Symlinking: /home/apple/gcamp_ros2_ws/install/custom_interfaces/include/custom_interfaces/action/detail/fibonacci__traits.hpp
[0.889s] -- Symlinking: /home/apple/gcamp_ros2_ws/install/custom_interfaces/include/custom_interfaces/action/detail/maze__builder.hpp
[0.895s] -- Symlinking: /home/apple/gcamp_ros2_ws/install/custom_interfaces/include/custom_interfaces/action/detail/maze__struct.hpp
[0.902s] -- Symlinking: /home/apple/gcamp_ros2_ws/install/custom_interfaces/include/custom_interfaces/action/detail/maze__traits.hpp
[0.908s] -- Symlinking: /home/apple/gcamp_ros2_ws/install/custom_interfaces/include/custom_interfaces/action/fibonacci.hpp
[0.915s] -- Symlinking: /home/apple/gcamp_ros2_ws/install/custom_interfaces/include/custom_interfaces/action/maze.hpp
[0.921s] -- Symlinking: /home/apple/gcamp_ros2_ws/install/custom_interfaces/include/custom_interfaces/msg/detail/num__builder.hpp
[0.927s] -- Symlinking: /home/apple/gcamp_ros2_ws/install/custom_interfaces/include/custom_interfaces/msg/detail/num__struct.hpp
[0.933s] -- Symlinking: /home/apple/gcamp_ros2_ws/install/custom_interfaces/include/custom_interfaces/msg/detail/num__traits.hpp
[0.939s] -- Symlinking: /home/apple/gcamp_ros2_ws/install/custom_interfaces/include/custom_interfaces/msg/num.hpp
[0.946s] -- Symlinking: /home/apple/gcamp_ros2_ws/install/custom_interfaces/include/custom_interfaces/srv/add_three_ints.hpp
[0.952s] -- Symlinking: /home/apple/gcamp_ros2_ws/install/custom_interfaces/include/custom_interfaces/srv/detail/add_three_ints__builder.hpp
[0.958s] -- Symlinking: /home/apple/gcamp_ros2_ws/install/custom_interfaces/include/custom_interfaces/srv/detail/add_three_ints__struct.hpp
[0.964s] -- Symlinking: /home/apple/gcamp_ros2_ws/install/custom_interfaces/include/custom_interfaces/srv/detail/add_three_ints__traits.hpp
[0.970s] -- Symlinking: /home/apple/gcamp_ros2_ws/install/custom_interfaces/include/custom_interfaces/srv/detail/turning_control__builder.hpp
[0.976s] -- Symlinking: /home/apple/gcamp_ros2_ws/install/custom_interfaces/include/custom_interfaces/srv/detail/turning_control__struct.hpp
[0.982s] -- Symlinking: /home/apple/gcamp_ros2_ws/install/custom_interfaces/include/custom_interfaces/srv/detail/turning_control__traits.hpp
[0.988s] -- Symlinking: /home/apple/gcamp_ros2_ws/install/custom_interfaces/include/custom_interfaces/srv/turning_control.hpp
[0.995s] -- Symlinking: /home/apple/gcamp_ros2_ws/install/custom_interfaces/include/custom_interfaces/action/detail/fibonacci__rosidl_typesupport_introspection_cpp.hpp
[1.001s] -- Symlinking: /home/apple/gcamp_ros2_ws/install/custom_interfaces/include/custom_interfaces/action/detail/maze__rosidl_typesupport_introspection_cpp.hpp
[1.007s] -- Symlinking: /home/apple/gcamp_ros2_ws/install/custom_interfaces/include/custom_interfaces/msg/detail/num__rosidl_typesupport_introspection_cpp.hpp
[1.013s] -- Symlinking: /home/apple/gcamp_ros2_ws/install/custom_interfaces/include/custom_interfaces/srv/detail/add_three_ints__rosidl_typesupport_introspection_cpp.hpp
[1.018s] -- Symlinking: /home/apple/gcamp_ros2_ws/install/custom_interfaces/include/custom_interfaces/srv/detail/turning_control__rosidl_typesupport_introspection_cpp.hpp
[1.025s] -- Symlinking: /home/apple/gcamp_ros2_ws/install/custom_interfaces/share/custom_interfaces/environment/pythonpath.sh
[1.031s] -- Symlinking: /home/apple/gcamp_ros2_ws/install/custom_interfaces/share/custom_interfaces/environment/pythonpath.dsv
[1.037s] -- Symlinking: /home/apple/gcamp_ros2_ws/install/custom_interfaces/lib/python3.8/site-packages/custom_interfaces/__init__.py
[1.044s] -- Symlinking: /home/apple/gcamp_ros2_ws/install/custom_interfaces/lib/python3.8/site-packages/custom_interfaces/msg/__init__.py
[1.050s] -- Symlinking: /home/apple/gcamp_ros2_ws/install/custom_interfaces/lib/python3.8/site-packages/custom_interfaces/msg/_num.py
[1.056s] -- Symlinking: /home/apple/gcamp_ros2_ws/install/custom_interfaces/lib/python3.8/site-packages/custom_interfaces/srv/__init__.py
[1.062s] -- Symlinking: /home/apple/gcamp_ros2_ws/install/custom_interfaces/lib/python3.8/site-packages/custom_interfaces/srv/_add_three_ints.py
[1.068s] -- Symlinking: /home/apple/gcamp_ros2_ws/install/custom_interfaces/lib/python3.8/site-packages/custom_interfaces/srv/_turning_control.py
[1.074s] -- Symlinking: /home/apple/gcamp_ros2_ws/install/custom_interfaces/lib/python3.8/site-packages/custom_interfaces/action/__init__.py
[1.080s] -- Symlinking: /home/apple/gcamp_ros2_ws/install/custom_interfaces/lib/python3.8/site-packages/custom_interfaces/action/_fibonacci.py
[1.086s] -- Symlinking: /home/apple/gcamp_ros2_ws/install/custom_interfaces/lib/python3.8/site-packages/custom_interfaces/action/_maze.py
[1.092s] -- Symlinking: /home/apple/gcamp_ros2_ws/install/custom_interfaces/lib/python3.8/site-packages/custom_interfaces/custom_interfaces_s__rosidl_typesupport_fastrtps_c.cpython-38-x86_64-linux-gnu.so
[1.098s] -- Symlinking: /home/apple/gcamp_ros2_ws/install/custom_interfaces/lib/python3.8/site-packages/custom_interfaces/custom_interfaces_s__rosidl_typesupport_introspection_c.cpython-38-x86_64-linux-gnu.so
[1.105s] -- Symlinking: /home/apple/gcamp_ros2_ws/install/custom_interfaces/lib/python3.8/site-packages/custom_interfaces/custom_interfaces_s__rosidl_typesupport_c.cpython-38-x86_64-linux-gnu.so
[1.111s] -- Symlinking: /home/apple/gcamp_ros2_ws/install/custom_interfaces/lib/libcustom_interfaces__python.so
[1.117s] -- Symlinking: /home/apple/gcamp_ros2_ws/install/custom_interfaces/share/custom_interfaces/msg/Num.idl
[1.123s] -- Symlinking: /home/apple/gcamp_ros2_ws/install/custom_interfaces/share/custom_interfaces/srv/AddThreeInts.idl
[1.129s] -- Symlinking: /home/apple/gcamp_ros2_ws/install/custom_interfaces/share/custom_interfaces/srv/TurningControl.idl
[1.136s] -- Symlinking: /home/apple/gcamp_ros2_ws/install/custom_interfaces/share/custom_interfaces/action/Fibonacci.idl
[1.142s] -- Symlinking: /home/apple/gcamp_ros2_ws/install/custom_interfaces/share/custom_interfaces/action/Maze.idl
[1.148s] -- Symlinking: /home/apple/gcamp_ros2_ws/install/custom_interfaces/share/custom_interfaces/msg/Num.msg
[1.154s] -- Symlinking: /home/apple/gcamp_ros2_ws/install/custom_interfaces/share/custom_interfaces/srv/AddThreeInts.srv
[1.160s] -- Symlinking: /home/apple/gcamp_ros2_ws/install/custom_interfaces/share/custom_interfaces/srv/AddThreeInts_Request.msg
[1.166s] -- Symlinking: /home/apple/gcamp_ros2_ws/install/custom_interfaces/share/custom_interfaces/srv/AddThreeInts_Response.msg
[1.172s] -- Symlinking: /home/apple/gcamp_ros2_ws/install/custom_interfaces/share/custom_interfaces/srv/TurningControl.srv
[1.178s] -- Symlinking: /home/apple/gcamp_ros2_ws/install/custom_interfaces/share/custom_interfaces/srv/TurningControl_Request.msg
[1.184s] -- Symlinking: /home/apple/gcamp_ros2_ws/install/custom_interfaces/share/custom_interfaces/srv/TurningControl_Response.msg
[1.190s] -- Symlinking: /home/apple/gcamp_ros2_ws/install/custom_interfaces/share/custom_interfaces/action/Fibonacci.action
[1.196s] -- Symlinking: /home/apple/gcamp_ros2_ws/install/custom_interfaces/share/custom_interfaces/action/Maze.action
[1.202s] -- Symlinking: /home/apple/gcamp_ros2_ws/install/custom_interfaces/share/ament_index/resource_index/package_run_dependencies/custom_interfaces
[1.208s] -- Symlinking: /home/apple/gcamp_ros2_ws/install/custom_interfaces/share/ament_index/resource_index/parent_prefix_path/custom_interfaces
[1.214s] -- Symlinking: /home/apple/gcamp_ros2_ws/install/custom_interfaces/share/custom_interfaces/environment/ament_prefix_path.sh
[1.221s] -- Symlinking: /home/apple/gcamp_ros2_ws/install/custom_interfaces/share/custom_interfaces/environment/ament_prefix_path.dsv
[1.227s] -- Symlinking: /home/apple/gcamp_ros2_ws/install/custom_interfaces/share/custom_interfaces/environment/path.sh
[1.233s] -- Symlinking: /home/apple/gcamp_ros2_ws/install/custom_interfaces/share/custom_interfaces/environment/path.dsv
[1.239s] -- Symlinking: /home/apple/gcamp_ros2_ws/install/custom_interfaces/share/custom_interfaces/local_setup.bash
[1.245s] -- Symlinking: /home/apple/gcamp_ros2_ws/install/custom_interfaces/share/custom_interfaces/local_setup.sh
[1.251s] -- Symlinking: /home/apple/gcamp_ros2_ws/install/custom_interfaces/share/custom_interfaces/local_setup.zsh
[1.257s] -- Symlinking: /home/apple/gcamp_ros2_ws/install/custom_interfaces/share/custom_interfaces/local_setup.dsv
[1.263s] -- Symlinking: /home/apple/gcamp_ros2_ws/install/custom_interfaces/share/custom_interfaces/package.dsv
[1.270s] -- Symlinking: /home/apple/gcamp_ros2_ws/install/custom_interfaces/share/ament_index/resource_index/packages/custom_interfaces
[1.276s] -- Symlinking: /home/apple/gcamp_ros2_ws/install/custom_interfaces/share/custom_interfaces/cmake/rosidl_cmake-extras.cmake
[1.282s] -- Symlinking: /home/apple/gcamp_ros2_ws/install/custom_interfaces/share/custom_interfaces/cmake/ament_cmake_export_dependencies-extras.cmake
[1.288s] -- Symlinking: /home/apple/gcamp_ros2_ws/install/custom_interfaces/share/custom_interfaces/cmake/ament_cmake_export_libraries-extras.cmake
[1.294s] -- Symlinking: /home/apple/gcamp_ros2_ws/install/custom_interfaces/share/custom_interfaces/cmake/ament_cmake_export_targets-extras.cmake
[1.300s] -- Symlinking: /home/apple/gcamp_ros2_ws/install/custom_interfaces/share/custom_interfaces/cmake/ament_cmake_export_include_directories-extras.cmake
[1.306s] -- Symlinking: /home/apple/gcamp_ros2_ws/install/custom_interfaces/share/custom_interfaces/cmake/rosidl_cmake_export_typesupport_libraries-extras.cmake
[1.312s] -- Symlinking: /home/apple/gcamp_ros2_ws/install/custom_interfaces/share/custom_interfaces/cmake/rosidl_cmake_export_typesupport_targets-extras.cmake
[1.318s] -- Symlinking: /home/apple/gcamp_ros2_ws/install/custom_interfaces/share/custom_interfaces/cmake/custom_interfacesConfig.cmake
[1.324s] -- Symlinking: /home/apple/gcamp_ros2_ws/install/custom_interfaces/share/custom_interfaces/cmake/custom_interfacesConfig-version.cmake
[1.331s] -- Symlinking: /home/apple/gcamp_ros2_ws/install/custom_interfaces/share/custom_interfaces/package.xml
[1.337s] -- Installing: /home/apple/gcamp_ros2_ws/install/custom_interfaces/lib/libcustom_interfaces__rosidl_generator_c.so
[1.337s] -- Set runtime path of "/home/apple/gcamp_ros2_ws/install/custom_interfaces/lib/libcustom_interfaces__rosidl_generator_c.so" to ""
[1.337s] -- Installing: /home/apple/gcamp_ros2_ws/install/custom_interfaces/lib/libcustom_interfaces__rosidl_typesupport_introspection_c.so
[1.338s] -- Set runtime path of "/home/apple/gcamp_ros2_ws/install/custom_interfaces/lib/libcustom_interfaces__rosidl_typesupport_introspection_c.so" to ""
[1.338s] -- Installing: /home/apple/gcamp_ros2_ws/install/custom_interfaces/lib/libcustom_interfaces__rosidl_typesupport_c.so
[1.338s] -- Set runtime path of "/home/apple/gcamp_ros2_ws/install/custom_interfaces/lib/libcustom_interfaces__rosidl_typesupport_c.so" to ""
[1.338s] -- Installing: /home/apple/gcamp_ros2_ws/install/custom_interfaces/lib/libcustom_interfaces__rosidl_typesupport_introspection_cpp.so
[1.339s] -- Set runtime path of "/home/apple/gcamp_ros2_ws/install/custom_interfaces/lib/libcustom_interfaces__rosidl_typesupport_introspection_cpp.so" to ""
[1.339s] -- Installing: /home/apple/gcamp_ros2_ws/install/custom_interfaces/lib/libcustom_interfaces__rosidl_typesupport_cpp.so
[1.339s] -- Set runtime path of "/home/apple/gcamp_ros2_ws/install/custom_interfaces/lib/libcustom_interfaces__rosidl_typesupport_cpp.so" to ""
[1.364s] Compiling '/home/apple/gcamp_ros2_ws/install/custom_interfaces/lib/python3.8/site-packages/custom_interfaces/__init__.py'...
[1.366s] -- Installing: /home/apple/gcamp_ros2_ws/install/custom_interfaces/share/custom_interfaces/cmake/custom_interfaces__rosidl_generator_cExport.cmake
[1.366s] -- Installing: /home/apple/gcamp_ros2_ws/install/custom_interfaces/share/custom_interfaces/cmake/custom_interfaces__rosidl_generator_cExport-noconfig.cmake
[1.367s] -- Installing: /home/apple/gcamp_ros2_ws/install/custom_interfaces/share/custom_interfaces/cmake/custom_interfaces__rosidl_typesupport_introspection_cExport.cmake
[1.367s] -- Installing: /home/apple/gcamp_ros2_ws/install/custom_interfaces/share/custom_interfaces/cmake/custom_interfaces__rosidl_typesupport_introspection_cExport-noconfig.cmake
[1.367s] -- Installing: /home/apple/gcamp_ros2_ws/install/custom_interfaces/share/custom_interfaces/cmake/custom_interfaces__rosidl_typesupport_cExport.cmake
[1.367s] -- Installing: /home/apple/gcamp_ros2_ws/install/custom_interfaces/share/custom_interfaces/cmake/custom_interfaces__rosidl_typesupport_cExport-noconfig.cmake
[1.367s] -- Installing: /home/apple/gcamp_ros2_ws/install/custom_interfaces/share/custom_interfaces/cmake/custom_interfaces__rosidl_generator_cppExport.cmake
[1.367s] -- Installing: /home/apple/gcamp_ros2_ws/install/custom_interfaces/share/custom_interfaces/cmake/custom_interfaces__rosidl_typesupport_introspection_cppExport.cmake
[1.367s] -- Installing: /home/apple/gcamp_ros2_ws/install/custom_interfaces/share/custom_interfaces/cmake/custom_interfaces__rosidl_typesupport_introspection_cppExport-noconfig.cmake
[1.367s] -- Installing: /home/apple/gcamp_ros2_ws/install/custom_interfaces/share/custom_interfaces/cmake/custom_interfaces__rosidl_typesupport_cppExport.cmake
[1.368s] -- Installing: /home/apple/gcamp_ros2_ws/install/custom_interfaces/share/custom_interfaces/cmake/custom_interfaces__rosidl_typesupport_cppExport-noconfig.cmake
[1.370s] Invoked command in '/home/apple/gcamp_ros2_ws/build/custom_interfaces' returned '0': CMAKE_PREFIX_PATH=${CMAKE_PREFIX_PATH}:/home/apple/gcamp_ros2_ws/install/py_topic_pkg:/home/apple/gcamp_ros2_ws/install/py_service_pkg:/home/apple/gcamp_ros2_ws/install/py_action_pkg:/opt/ros/foxy /usr/bin/cmake --install /home/apple/gcamp_ros2_ws/build/custom_interfaces
