[0.426s] Invoking command in '/home/apple/gcamp_ros2_ws/build/py_topic_pkg': PYTHONPATH=/home/apple/gcamp_ros2_ws/install/py_topic_pkg/lib/python3.8/site-packages:${PYTHONPATH} /usr/bin/python3 setup.py develop --prefix /home/apple/gcamp_ros2_ws/install/py_topic_pkg --editable --build-directory /home/apple/gcamp_ros2_ws/build/py_topic_pkg/build --no-deps install_data --install-dir /home/apple/gcamp_ros2_ws/install/py_topic_pkg
[0.637s] running develop
[0.738s] running egg_info
[0.738s] writing py_topic_pkg.egg-info/PKG-INFO
[0.738s] writing dependency_links to py_topic_pkg.egg-info/dependency_links.txt
[0.739s] writing entry points to py_topic_pkg.egg-info/entry_points.txt
[0.739s] writing requirements to py_topic_pkg.egg-info/requires.txt
[0.739s] writing top-level names to py_topic_pkg.egg-info/top_level.txt
[0.763s] reading manifest file 'py_topic_pkg.egg-info/SOURCES.txt'
[0.763s] writing manifest file 'py_topic_pkg.egg-info/SOURCES.txt'
[0.790s] running build_ext
[0.790s] Creating /home/apple/gcamp_ros2_ws/install/py_topic_pkg/lib/python3.8/site-packages/py-topic-pkg.egg-link (link to .)
[0.791s] Installing cmd_vel_pub_node script to /home/apple/gcamp_ros2_ws/install/py_topic_pkg/lib/py_topic_pkg
[0.791s] Installing endless_cmd_vel_pub_node script to /home/apple/gcamp_ros2_ws/install/py_topic_pkg/lib/py_topic_pkg
[0.791s] Installing laser_raw_node script to /home/apple/gcamp_ros2_ws/install/py_topic_pkg/lib/py_topic_pkg
[0.791s] Installing laser_sub_node script to /home/apple/gcamp_ros2_ws/install/py_topic_pkg/lib/py_topic_pkg
[0.792s] Installing parking_node script to /home/apple/gcamp_ros2_ws/install/py_topic_pkg/lib/py_topic_pkg
[0.793s] 
[0.793s] Installed /home/apple/gcamp_ros2_ws/build/py_topic_pkg
[0.793s] running install_data
[0.812s] Invoked command in '/home/apple/gcamp_ros2_ws/build/py_topic_pkg' returned '0': PYTHONPATH=/home/apple/gcamp_ros2_ws/install/py_topic_pkg/lib/python3.8/site-packages:${PYTHONPATH} /usr/bin/python3 setup.py develop --prefix /home/apple/gcamp_ros2_ws/install/py_topic_pkg --editable --build-directory /home/apple/gcamp_ros2_ws/build/py_topic_pkg/build --no-deps install_data --install-dir /home/apple/gcamp_ros2_ws/install/py_topic_pkg
