[0.173s] Invoking command in '/home/apple/gcamp_ros2_ws/build/py_service_pkg': PYTHONPATH=/home/apple/gcamp_ros2_ws/install/py_service_pkg/lib/python3.8/site-packages:${PYTHONPATH} /usr/bin/python3 setup.py develop --prefix /home/apple/gcamp_ros2_ws/install/py_service_pkg --editable --build-directory /home/apple/gcamp_ros2_ws/build/py_service_pkg/build --no-deps install_data --install-dir /home/apple/gcamp_ros2_ws/install/py_service_pkg
[0.331s] running develop
[0.423s] running egg_info
[0.423s] creating py_service_pkg.egg-info
[0.423s] writing py_service_pkg.egg-info/PKG-INFO
[0.423s] writing dependency_links to py_service_pkg.egg-info/dependency_links.txt
[0.423s] writing entry points to py_service_pkg.egg-info/entry_points.txt
[0.424s] writing requirements to py_service_pkg.egg-info/requires.txt
[0.424s] writing top-level names to py_service_pkg.egg-info/top_level.txt
[0.424s] writing manifest file 'py_service_pkg.egg-info/SOURCES.txt'
[0.447s] reading manifest file 'py_service_pkg.egg-info/SOURCES.txt'
[0.447s] writing manifest file 'py_service_pkg.egg-info/SOURCES.txt'
[0.471s] running build_ext
[0.471s] Creating /home/apple/gcamp_ros2_ws/install/py_service_pkg/lib/python3.8/site-packages/site.py
[0.473s] Creating /home/apple/gcamp_ros2_ws/install/py_service_pkg/lib/python3.8/site-packages/py-service-pkg.egg-link (link to .)
[0.473s] Installing basic_client script to /home/apple/gcamp_ros2_ws/install/py_service_pkg/lib/py_service_pkg
[0.473s] Installing basic_server script to /home/apple/gcamp_ros2_ws/install/py_service_pkg/lib/py_service_pkg
[0.474s] Installing custom_srv_client script to /home/apple/gcamp_ros2_ws/install/py_service_pkg/lib/py_service_pkg
[0.474s] Installing custom_srv_server script to /home/apple/gcamp_ros2_ws/install/py_service_pkg/lib/py_service_pkg
[0.474s] Installing gazebo_model_spawner script to /home/apple/gcamp_ros2_ws/install/py_service_pkg/lib/py_service_pkg
[0.474s] Installing robot_turning_client script to /home/apple/gcamp_ros2_ws/install/py_service_pkg/lib/py_service_pkg
[0.474s] Installing robot_turning_server script to /home/apple/gcamp_ros2_ws/install/py_service_pkg/lib/py_service_pkg
[0.474s] Installing spawn_skidbot script to /home/apple/gcamp_ros2_ws/install/py_service_pkg/lib/py_service_pkg
[0.474s] 
[0.474s] Installed /home/apple/gcamp_ros2_ws/build/py_service_pkg
[0.474s] running install_data
[0.475s] creating /home/apple/gcamp_ros2_ws/install/py_service_pkg/share/ament_index
[0.475s] creating /home/apple/gcamp_ros2_ws/install/py_service_pkg/share/ament_index/resource_index
[0.475s] creating /home/apple/gcamp_ros2_ws/install/py_service_pkg/share/ament_index/resource_index/packages
[0.475s] copying resource/py_service_pkg -> /home/apple/gcamp_ros2_ws/install/py_service_pkg/share/ament_index/resource_index/packages
[0.475s] copying package.xml -> /home/apple/gcamp_ros2_ws/install/py_service_pkg/share/py_service_pkg
[0.492s] Invoked command in '/home/apple/gcamp_ros2_ws/build/py_service_pkg' returned '0': PYTHONPATH=/home/apple/gcamp_ros2_ws/install/py_service_pkg/lib/python3.8/site-packages:${PYTHONPATH} /usr/bin/python3 setup.py develop --prefix /home/apple/gcamp_ros2_ws/install/py_service_pkg --editable --build-directory /home/apple/gcamp_ros2_ws/build/py_service_pkg/build --no-deps install_data --install-dir /home/apple/gcamp_ros2_ws/install/py_service_pkg
