[0.196s] Invoking command in '/home/apple/gcamp_ros2_ws/build/py_action_pkg': CMAKE_PREFIX_PATH=/home/apple/gcamp_ros2_ws/install/custom_interfaces:/home/apple/gcamp_ros2_ws/install/gcamp_gazebo:/home/apple/gcamp_ros2_ws/install/cpp_service_pkg:/home/apple/gcamp_ros2_ws/install/cpp_action_pkg:/home/apple/gcamp_ros2_ws/install/cpp_topic_pkg:/home/apple/gcamp_ros2_ws/install/cpp_service_tutorial:/home/apple/gcamp_ros2_ws/install/cpp_first_pkg PYTHONPATH=/home/apple/gcamp_ros2_ws/install/py_action_pkg/lib/python3.8/site-packages:/home/apple/gcamp_ros2_ws/install/custom_interfaces/lib/python3.8/site-packages:/home/apple/gcamp_ros2_ws/build/py_topic_pkg:/home/apple/gcamp_ros2_ws/install/py_topic_pkg/lib/python3.8/site-packages:/home/apple/gcamp_ros2_ws/build/py_service_pkg:/home/apple/gcamp_ros2_ws/install/py_service_pkg/lib/python3.8/site-packages:/home/apple/gcamp_ros2_ws/build/py_first_pkg:/home/apple/gcamp_ros2_ws/install/py_first_pkg/lib/python3.8/site-packages:/home/apple/gcamp_ros2_ws/build/py_action_pkg:/home/apple/gcamp_ros2_ws/install/py_action_pkg/lib/python3.8/site-packages:/opt/ros/foxy/lib/python3.8/site-packages /usr/bin/python3 setup.py develop --prefix /home/apple/gcamp_ros2_ws/install/py_action_pkg --editable --build-directory /home/apple/gcamp_ros2_ws/build/py_action_pkg/build --no-deps install_data --install-dir /home/apple/gcamp_ros2_ws/install/py_action_pkg
[0.373s] running develop
[0.474s] running egg_info
[0.475s] writing py_action_pkg.egg-info/PKG-INFO
[0.475s] writing dependency_links to py_action_pkg.egg-info/dependency_links.txt
[0.475s] writing entry points to py_action_pkg.egg-info/entry_points.txt
[0.475s] writing requirements to py_action_pkg.egg-info/requires.txt
[0.475s] writing top-level names to py_action_pkg.egg-info/top_level.txt
[0.499s] reading manifest file 'py_action_pkg.egg-info/SOURCES.txt'
[0.500s] writing manifest file 'py_action_pkg.egg-info/SOURCES.txt'
[0.526s] running build_ext
[0.526s] Creating /home/apple/gcamp_ros2_ws/install/py_action_pkg/lib/python3.8/site-packages/py-action-pkg.egg-link (link to .)
[0.527s] Installing fibonacci_action_client script to /home/apple/gcamp_ros2_ws/install/py_action_pkg/lib/py_action_pkg
[0.527s] Installing fibonacci_action_client_cancel script to /home/apple/gcamp_ros2_ws/install/py_action_pkg/lib/py_action_pkg
[0.527s] Installing fibonacci_action_server script to /home/apple/gcamp_ros2_ws/install/py_action_pkg/lib/py_action_pkg
[0.527s] Installing fibonacci_action_server_cancel script to /home/apple/gcamp_ros2_ws/install/py_action_pkg/lib/py_action_pkg
[0.528s] Installing img_subscriber_node script to /home/apple/gcamp_ros2_ws/install/py_action_pkg/lib/py_action_pkg
[0.528s] Installing maze_action_client script to /home/apple/gcamp_ros2_ws/install/py_action_pkg/lib/py_action_pkg
[0.528s] Installing maze_action_server script to /home/apple/gcamp_ros2_ws/install/py_action_pkg/lib/py_action_pkg
[0.528s] Installing odom_sub_node script to /home/apple/gcamp_ros2_ws/install/py_action_pkg/lib/py_action_pkg
[0.528s] Installing robot_controller script to /home/apple/gcamp_ros2_ws/install/py_action_pkg/lib/py_action_pkg
[0.528s] 
[0.528s] Installed /home/apple/gcamp_ros2_ws/build/py_action_pkg
[0.528s] running install_data
[0.547s] Invoked command in '/home/apple/gcamp_ros2_ws/build/py_action_pkg' returned '0': CMAKE_PREFIX_PATH=/home/apple/gcamp_ros2_ws/install/custom_interfaces:/home/apple/gcamp_ros2_ws/install/gcamp_gazebo:/home/apple/gcamp_ros2_ws/install/cpp_service_pkg:/home/apple/gcamp_ros2_ws/install/cpp_action_pkg:/home/apple/gcamp_ros2_ws/install/cpp_topic_pkg:/home/apple/gcamp_ros2_ws/install/cpp_service_tutorial:/home/apple/gcamp_ros2_ws/install/cpp_first_pkg PYTHONPATH=/home/apple/gcamp_ros2_ws/install/py_action_pkg/lib/python3.8/site-packages:/home/apple/gcamp_ros2_ws/install/custom_interfaces/lib/python3.8/site-packages:/home/apple/gcamp_ros2_ws/build/py_topic_pkg:/home/apple/gcamp_ros2_ws/install/py_topic_pkg/lib/python3.8/site-packages:/home/apple/gcamp_ros2_ws/build/py_service_pkg:/home/apple/gcamp_ros2_ws/install/py_service_pkg/lib/python3.8/site-packages:/home/apple/gcamp_ros2_ws/build/py_first_pkg:/home/apple/gcamp_ros2_ws/install/py_first_pkg/lib/python3.8/site-packages:/home/apple/gcamp_ros2_ws/build/py_action_pkg:/home/apple/gcamp_ros2_ws/install/py_action_pkg/lib/python3.8/site-packages:/opt/ros/foxy/lib/python3.8/site-packages /usr/bin/python3 setup.py develop --prefix /home/apple/gcamp_ros2_ws/install/py_action_pkg --editable --build-directory /home/apple/gcamp_ros2_ws/build/py_action_pkg/build --no-deps install_data --install-dir /home/apple/gcamp_ros2_ws/install/py_action_pkg
