[0.036s] Invoking command in '/home/apple/gcamp_ros2_ws/build/cpp_topic_pkg': CMAKE_PREFIX_PATH=${CMAKE_PREFIX_PATH}:/home/apple/gcamp_ros2_ws/install/py_topic_pkg:/home/apple/gcamp_ros2_ws/install/py_service_pkg:/home/apple/gcamp_ros2_ws/install/py_action_pkg:/opt/ros/foxy /usr/bin/cmake --build /home/apple/gcamp_ros2_ws/build/cpp_topic_pkg -- -j12 -l12
[0.425s] [ 14%] Built target laser_sub_node
[0.425s] [ 42%] Built target topic_sub_oop_node
[0.425s] [ 42%] Built target topic_pub_oop_node
[0.425s] [ 57%] Built target cmd_vel_pub_node
[0.425s] [ 71%] Built target topic_sub_node
[0.425s] [ 85%] Built target topic_pub_node
[0.425s] [100%] Built target parking_node
[0.431s] Invoked command in '/home/apple/gcamp_ros2_ws/build/cpp_topic_pkg' returned '0': CMAKE_PREFIX_PATH=${CMAKE_PREFIX_PATH}:/home/apple/gcamp_ros2_ws/install/py_topic_pkg:/home/apple/gcamp_ros2_ws/install/py_service_pkg:/home/apple/gcamp_ros2_ws/install/py_action_pkg:/opt/ros/foxy /usr/bin/cmake --build /home/apple/gcamp_ros2_ws/build/cpp_topic_pkg -- -j12 -l12
[0.475s] Invoking command in '/home/apple/gcamp_ros2_ws/build/cpp_topic_pkg': CMAKE_PREFIX_PATH=${CMAKE_PREFIX_PATH}:/home/apple/gcamp_ros2_ws/install/py_topic_pkg:/home/apple/gcamp_ros2_ws/install/py_service_pkg:/home/apple/gcamp_ros2_ws/install/py_action_pkg:/opt/ros/foxy /usr/bin/cmake --install /home/apple/gcamp_ros2_ws/build/cpp_topic_pkg
[0.487s] -- Install configuration: ""
[0.487s] -- Execute custom install script
[0.488s] -- Up-to-date symlink: /home/apple/gcamp_ros2_ws/install/cpp_topic_pkg/lib/cpp_topic_pkg/cmd_vel_pub_node
[0.488s] -- Up-to-date symlink: /home/apple/gcamp_ros2_ws/install/cpp_topic_pkg/lib/cpp_topic_pkg/laser_sub_node
[0.489s] -- Up-to-date symlink: /home/apple/gcamp_ros2_ws/install/cpp_topic_pkg/lib/cpp_topic_pkg/parking_node
[0.489s] -- Up-to-date symlink: /home/apple/gcamp_ros2_ws/install/cpp_topic_pkg/lib/cpp_topic_pkg/topic_pub_node
[0.490s] -- Up-to-date symlink: /home/apple/gcamp_ros2_ws/install/cpp_topic_pkg/lib/cpp_topic_pkg/topic_pub_oop_node
[0.490s] -- Up-to-date symlink: /home/apple/gcamp_ros2_ws/install/cpp_topic_pkg/lib/cpp_topic_pkg/topic_sub_node
[0.491s] -- Up-to-date symlink: /home/apple/gcamp_ros2_ws/install/cpp_topic_pkg/lib/cpp_topic_pkg/topic_sub_oop_node
[0.491s] -- Up-to-date symlink: /home/apple/gcamp_ros2_ws/install/cpp_topic_pkg/share/ament_index/resource_index/package_run_dependencies/cpp_topic_pkg
[0.493s] -- Up-to-date symlink: /home/apple/gcamp_ros2_ws/install/cpp_topic_pkg/share/ament_index/resource_index/parent_prefix_path/cpp_topic_pkg
[0.494s] -- Up-to-date symlink: /home/apple/gcamp_ros2_ws/install/cpp_topic_pkg/share/cpp_topic_pkg/environment/ament_prefix_path.sh
[0.494s] -- Up-to-date symlink: /home/apple/gcamp_ros2_ws/install/cpp_topic_pkg/share/cpp_topic_pkg/environment/ament_prefix_path.dsv
[0.495s] -- Up-to-date symlink: /home/apple/gcamp_ros2_ws/install/cpp_topic_pkg/share/cpp_topic_pkg/environment/path.sh
[0.495s] -- Up-to-date symlink: /home/apple/gcamp_ros2_ws/install/cpp_topic_pkg/share/cpp_topic_pkg/environment/path.dsv
[0.495s] -- Up-to-date symlink: /home/apple/gcamp_ros2_ws/install/cpp_topic_pkg/share/cpp_topic_pkg/local_setup.bash
[0.495s] -- Up-to-date symlink: /home/apple/gcamp_ros2_ws/install/cpp_topic_pkg/share/cpp_topic_pkg/local_setup.sh
[0.496s] -- Up-to-date symlink: /home/apple/gcamp_ros2_ws/install/cpp_topic_pkg/share/cpp_topic_pkg/local_setup.zsh
[0.497s] -- Up-to-date symlink: /home/apple/gcamp_ros2_ws/install/cpp_topic_pkg/share/cpp_topic_pkg/local_setup.dsv
[0.497s] -- Symlinking: /home/apple/gcamp_ros2_ws/install/cpp_topic_pkg/share/cpp_topic_pkg/package.dsv
[0.498s] -- Up-to-date symlink: /home/apple/gcamp_ros2_ws/install/cpp_topic_pkg/share/ament_index/resource_index/packages/cpp_topic_pkg
[0.499s] -- Up-to-date symlink: /home/apple/gcamp_ros2_ws/install/cpp_topic_pkg/share/cpp_topic_pkg/cmake/cpp_topic_pkgConfig.cmake
[0.499s] -- Up-to-date symlink: /home/apple/gcamp_ros2_ws/install/cpp_topic_pkg/share/cpp_topic_pkg/cmake/cpp_topic_pkgConfig-version.cmake
[0.499s] -- Up-to-date symlink: /home/apple/gcamp_ros2_ws/install/cpp_topic_pkg/share/cpp_topic_pkg/package.xml
[0.522s] Invoked command in '/home/apple/gcamp_ros2_ws/build/cpp_topic_pkg' returned '0': CMAKE_PREFIX_PATH=${CMAKE_PREFIX_PATH}:/home/apple/gcamp_ros2_ws/install/py_topic_pkg:/home/apple/gcamp_ros2_ws/install/py_service_pkg:/home/apple/gcamp_ros2_ws/install/py_action_pkg:/opt/ros/foxy /usr/bin/cmake --install /home/apple/gcamp_ros2_ws/build/cpp_topic_pkg
