[0.171s] Invoking command in '/home/apple/gcamp_ros2_ws/build/py_topic_pkg': PYTHONPATH=/home/apple/gcamp_ros2_ws/install/py_topic_pkg/lib/python3.8/site-packages:${PYTHONPATH} /usr/bin/python3 setup.py develop --prefix /home/apple/gcamp_ros2_ws/install/py_topic_pkg --editable --build-directory /home/apple/gcamp_ros2_ws/build/py_topic_pkg/build --no-deps install_data --install-dir /home/apple/gcamp_ros2_ws/install/py_topic_pkg
[0.332s] running develop
[0.426s] running egg_info
[0.427s] creating py_topic_pkg.egg-info
[0.427s] writing py_topic_pkg.egg-info/PKG-INFO
[0.427s] writing dependency_links to py_topic_pkg.egg-info/dependency_links.txt
[0.427s] writing entry points to py_topic_pkg.egg-info/entry_points.txt
[0.427s] writing requirements to py_topic_pkg.egg-info/requires.txt
[0.427s] writing top-level names to py_topic_pkg.egg-info/top_level.txt
[0.428s] writing manifest file 'py_topic_pkg.egg-info/SOURCES.txt'
[0.640s] reading manifest file 'py_topic_pkg.egg-info/SOURCES.txt'
[0.641s] writing manifest file 'py_topic_pkg.egg-info/SOURCES.txt'
[0.667s] running build_ext
[0.667s] Creating /home/apple/gcamp_ros2_ws/install/py_topic_pkg/lib/python3.8/site-packages/site.py
[0.669s] Creating /home/apple/gcamp_ros2_ws/install/py_topic_pkg/lib/python3.8/site-packages/py-topic-pkg.egg-link (link to .)
[0.669s] Installing cmd_vel_pub_node script to /home/apple/gcamp_ros2_ws/install/py_topic_pkg/lib/py_topic_pkg
[0.670s] Installing endless_cmd_vel_pub_node script to /home/apple/gcamp_ros2_ws/install/py_topic_pkg/lib/py_topic_pkg
[0.670s] Installing laser_raw_node script to /home/apple/gcamp_ros2_ws/install/py_topic_pkg/lib/py_topic_pkg
[0.670s] Installing laser_sub_node script to /home/apple/gcamp_ros2_ws/install/py_topic_pkg/lib/py_topic_pkg
[0.670s] Installing parking_node script to /home/apple/gcamp_ros2_ws/install/py_topic_pkg/lib/py_topic_pkg
[0.670s] 
[0.670s] Installed /home/apple/gcamp_ros2_ws/build/py_topic_pkg
[0.670s] running install_data
[0.670s] creating /home/apple/gcamp_ros2_ws/install/py_topic_pkg/share/ament_index
[0.670s] creating /home/apple/gcamp_ros2_ws/install/py_topic_pkg/share/ament_index/resource_index
[0.670s] creating /home/apple/gcamp_ros2_ws/install/py_topic_pkg/share/ament_index/resource_index/packages
[0.670s] copying resource/py_topic_pkg -> /home/apple/gcamp_ros2_ws/install/py_topic_pkg/share/ament_index/resource_index/packages
[0.670s] copying package.xml -> /home/apple/gcamp_ros2_ws/install/py_topic_pkg/share/py_topic_pkg
[0.670s] creating /home/apple/gcamp_ros2_ws/install/py_topic_pkg/share/py_topic_pkg/launch
[0.671s] copying launch/cmd_vel_pub.launch.py -> /home/apple/gcamp_ros2_ws/install/py_topic_pkg/share/py_topic_pkg/launch
[0.686s] Invoked command in '/home/apple/gcamp_ros2_ws/build/py_topic_pkg' returned '0': PYTHONPATH=/home/apple/gcamp_ros2_ws/install/py_topic_pkg/lib/python3.8/site-packages:${PYTHONPATH} /usr/bin/python3 setup.py develop --prefix /home/apple/gcamp_ros2_ws/install/py_topic_pkg --editable --build-directory /home/apple/gcamp_ros2_ws/build/py_topic_pkg/build --no-deps install_data --install-dir /home/apple/gcamp_ros2_ws/install/py_topic_pkg
