[0.034s] Invoking command in '/home/apple/gcamp_ros2_ws/build/cpp_first_pkg': CMAKE_PREFIX_PATH=${CMAKE_PREFIX_PATH}:/home/apple/gcamp_ros2_ws/install/py_topic_pkg:/home/apple/gcamp_ros2_ws/install/py_service_pkg:/home/apple/gcamp_ros2_ws/install/py_action_pkg:/opt/ros/foxy /usr/bin/cmake /home/apple/gcamp_ros2_ws/src/gcamp_ros2_basic/cpp_first_pkg -DAMENT_CMAKE_SYMLINK_INSTALL=1 -DCMAKE_INSTALL_PREFIX=/home/apple/gcamp_ros2_ws/install/cpp_first_pkg
[0.463s] -- The C compiler identification is GNU 9.3.0
[0.463s] -- The CXX compiler identification is GNU 9.3.0
[0.463s] -- Check for working C compiler: /usr/bin/cc
[0.463s] -- Check for working C compiler: /usr/bin/cc -- works
[0.463s] -- Detecting C compiler ABI info
[0.463s] -- Detecting C compiler ABI info - done
[0.464s] -- Detecting C compile features
[0.464s] -- Detecting C compile features - done
[0.464s] -- Check for working CXX compiler: /usr/bin/c++
[0.466s] -- Check for working CXX compiler: /usr/bin/c++ -- works
[0.467s] -- Detecting CXX compiler ABI info
[0.468s] -- Detecting CXX compiler ABI info - done
[0.469s] -- Detecting CXX compile features
[0.469s] -- Detecting CXX compile features - done
[0.469s] -- Found ament_cmake: 0.9.9 (/opt/ros/foxy/share/ament_cmake/cmake)
[0.469s] -- Found PythonInterp: /usr/bin/python3 (found suitable version "3.8.10", minimum required is "3") 
[0.469s] -- Using PYTHON_EXECUTABLE: /usr/bin/python3
[0.614s] -- Override CMake install command with custom implementation using symlinks instead of copying resources
[0.633s] -- Found rclcpp: 2.4.0 (/opt/ros/foxy/share/rclcpp/cmake)
[0.671s] -- Using all available rosidl_typesupport_c: rosidl_typesupport_fastrtps_c;rosidl_typesupport_introspection_c
[0.676s] -- Found rosidl_adapter: 1.2.1 (/opt/ros/foxy/share/rosidl_adapter/cmake)
[0.737s] -- Found OpenSSL: /usr/lib/x86_64-linux-gnu/libcrypto.so (found version "1.1.1f")  
[0.760s] -- Found FastRTPS: /opt/ros/foxy/include  
[0.822s] -- Using all available rosidl_typesupport_cpp: rosidl_typesupport_fastrtps_cpp;rosidl_typesupport_introspection_cpp
[0.869s] -- Found rmw_implementation_cmake: 1.0.3 (/opt/ros/foxy/share/rmw_implementation_cmake/cmake)
[0.870s] -- Using RMW implementation 'rmw_fastrtps_cpp' as default
[0.871s] -- Looking for pthread.h
[0.931s] -- Looking for pthread.h - found
[0.932s] -- Performing Test CMAKE_HAVE_LIBC_PTHREAD
[0.990s] -- Performing Test CMAKE_HAVE_LIBC_PTHREAD - Failed
[0.990s] -- Looking for pthread_create in pthreads
[1.037s] -- Looking for pthread_create in pthreads - not found
[1.037s] -- Looking for pthread_create in pthread
[1.089s] -- Looking for pthread_create in pthread - found
[1.090s] -- Found Threads: TRUE  
[1.225s] -- Found ament_lint_auto: 0.9.6 (/opt/ros/foxy/share/ament_lint_auto/cmake)
[1.290s] -- Added test 'copyright' to check source files copyright and LICENSE
[1.291s] -- Added test 'cppcheck' to perform static code analysis on C / C++ code
[1.291s] -- Configured cppcheck include dirs: 
[1.291s] -- Configured cppcheck exclude dirs and/or files: 
[1.292s] -- Added test 'cpplint' to check C / C++ code against the Google style
[1.292s] -- Configured cpplint exclude dirs and/or files: 
[1.292s] -- Added test 'flake8' to check Python code syntax and style conventions
[1.293s] -- Added test 'lint_cmake' to check CMake code style
[1.293s] -- Added test 'pep257' to check Python code against some of the style conventions in PEP 257
[1.294s] -- Added test 'uncrustify' to check C / C++ code style
[1.294s] -- Configured uncrustify additional arguments: 
[1.294s] -- Added test 'xmllint' to check XML markup files
[1.297s] -- Configuring done
[1.311s] -- Generating done
[1.312s] -- Build files have been written to: /home/apple/gcamp_ros2_ws/build/cpp_first_pkg
[1.318s] Invoked command in '/home/apple/gcamp_ros2_ws/build/cpp_first_pkg' returned '0': CMAKE_PREFIX_PATH=${CMAKE_PREFIX_PATH}:/home/apple/gcamp_ros2_ws/install/py_topic_pkg:/home/apple/gcamp_ros2_ws/install/py_service_pkg:/home/apple/gcamp_ros2_ws/install/py_action_pkg:/opt/ros/foxy /usr/bin/cmake /home/apple/gcamp_ros2_ws/src/gcamp_ros2_basic/cpp_first_pkg -DAMENT_CMAKE_SYMLINK_INSTALL=1 -DCMAKE_INSTALL_PREFIX=/home/apple/gcamp_ros2_ws/install/cpp_first_pkg
[1.321s] Invoking command in '/home/apple/gcamp_ros2_ws/build/cpp_first_pkg': CMAKE_PREFIX_PATH=${CMAKE_PREFIX_PATH}:/home/apple/gcamp_ros2_ws/install/py_topic_pkg:/home/apple/gcamp_ros2_ws/install/py_service_pkg:/home/apple/gcamp_ros2_ws/install/py_action_pkg:/opt/ros/foxy /usr/bin/cmake --build /home/apple/gcamp_ros2_ws/build/cpp_first_pkg -- -j12 -l12
[1.352s] [35m[1mScanning dependencies of target simple_oop_node[0m
[1.352s] [35m[1mScanning dependencies of target simple_node[0m
[1.352s] [35m[1mScanning dependencies of target lifecycle_node[0m
[1.354s] [35m[1mScanning dependencies of target simple_loop_node[0m
[1.354s] [35m[1mScanning dependencies of target simple_without_oop_node[0m
[1.404s] [ 10%] [32mBuilding CXX object CMakeFiles/simple_oop_node.dir/src/simple_oop.cpp.o[0m
[1.406s] [ 20%] [32mBuilding CXX object CMakeFiles/simple_without_oop_node.dir/src/simple_without_oop.cpp.o[0m
[1.407s] [ 30%] [32mBuilding CXX object CMakeFiles/simple_node.dir/src/simple.cpp.o[0m
[1.415s] [ 40%] [32mBuilding CXX object CMakeFiles/simple_loop_node.dir/src/simple_loop.cpp.o[0m
[1.417s] [ 50%] [32mBuilding CXX object CMakeFiles/lifecycle_node.dir/src/lifecycle.cpp.o[0m
[4.814s] [ 60%] [32m[1mLinking CXX executable simple_node[0m
[5.102s] [ 70%] [32m[1mLinking CXX executable simple_loop_node[0m
[5.303s] [ 70%] Built target simple_node
[5.481s] [ 80%] [32m[1mLinking CXX executable simple_oop_node[0m
[5.601s] [ 80%] Built target simple_loop_node
[5.854s] [ 90%] [32m[1mLinking CXX executable lifecycle_node[0m
[5.886s] [100%] [32m[1mLinking CXX executable simple_without_oop_node[0m
[5.915s] [100%] Built target simple_oop_node
[6.357s] [100%] Built target simple_without_oop_node
[6.370s] [100%] Built target lifecycle_node
[6.404s] Invoked command in '/home/apple/gcamp_ros2_ws/build/cpp_first_pkg' returned '0': CMAKE_PREFIX_PATH=${CMAKE_PREFIX_PATH}:/home/apple/gcamp_ros2_ws/install/py_topic_pkg:/home/apple/gcamp_ros2_ws/install/py_service_pkg:/home/apple/gcamp_ros2_ws/install/py_action_pkg:/opt/ros/foxy /usr/bin/cmake --build /home/apple/gcamp_ros2_ws/build/cpp_first_pkg -- -j12 -l12
[6.940s] Invoking command in '/home/apple/gcamp_ros2_ws/build/cpp_first_pkg': CMAKE_PREFIX_PATH=${CMAKE_PREFIX_PATH}:/home/apple/gcamp_ros2_ws/install/py_topic_pkg:/home/apple/gcamp_ros2_ws/install/py_service_pkg:/home/apple/gcamp_ros2_ws/install/py_action_pkg:/opt/ros/foxy /usr/bin/cmake --install /home/apple/gcamp_ros2_ws/build/cpp_first_pkg
[6.958s] -- Install configuration: ""
[6.958s] -- Execute custom install script
[6.959s] -- Symlinking: /home/apple/gcamp_ros2_ws/install/cpp_first_pkg/lib/cpp_first_pkg/lifecycle_node
[6.974s] -- Symlinking: /home/apple/gcamp_ros2_ws/install/cpp_first_pkg/lib/cpp_first_pkg/simple_loop_node
[6.990s] -- Symlinking: /home/apple/gcamp_ros2_ws/install/cpp_first_pkg/lib/cpp_first_pkg/simple_oop_node
[7.006s] -- Symlinking: /home/apple/gcamp_ros2_ws/install/cpp_first_pkg/lib/cpp_first_pkg/simple_without_oop_node
[7.024s] -- Symlinking: /home/apple/gcamp_ros2_ws/install/cpp_first_pkg/lib/cpp_first_pkg/simple_node
[7.037s] -- Symlinking: /home/apple/gcamp_ros2_ws/install/cpp_first_pkg/share/ament_index/resource_index/package_run_dependencies/cpp_first_pkg
[7.050s] -- Symlinking: /home/apple/gcamp_ros2_ws/install/cpp_first_pkg/share/ament_index/resource_index/parent_prefix_path/cpp_first_pkg
[7.063s] -- Symlinking: /home/apple/gcamp_ros2_ws/install/cpp_first_pkg/share/cpp_first_pkg/environment/ament_prefix_path.sh
[7.079s] -- Symlinking: /home/apple/gcamp_ros2_ws/install/cpp_first_pkg/share/cpp_first_pkg/environment/ament_prefix_path.dsv
[7.094s] -- Symlinking: /home/apple/gcamp_ros2_ws/install/cpp_first_pkg/share/cpp_first_pkg/environment/path.sh
[7.108s] -- Symlinking: /home/apple/gcamp_ros2_ws/install/cpp_first_pkg/share/cpp_first_pkg/environment/path.dsv
[7.121s] -- Symlinking: /home/apple/gcamp_ros2_ws/install/cpp_first_pkg/share/cpp_first_pkg/local_setup.bash
[7.132s] -- Symlinking: /home/apple/gcamp_ros2_ws/install/cpp_first_pkg/share/cpp_first_pkg/local_setup.sh
[7.143s] -- Symlinking: /home/apple/gcamp_ros2_ws/install/cpp_first_pkg/share/cpp_first_pkg/local_setup.zsh
[7.155s] -- Symlinking: /home/apple/gcamp_ros2_ws/install/cpp_first_pkg/share/cpp_first_pkg/local_setup.dsv
[7.163s] -- Symlinking: /home/apple/gcamp_ros2_ws/install/cpp_first_pkg/share/cpp_first_pkg/package.dsv
[7.178s] -- Symlinking: /home/apple/gcamp_ros2_ws/install/cpp_first_pkg/share/ament_index/resource_index/packages/cpp_first_pkg
[7.193s] -- Symlinking: /home/apple/gcamp_ros2_ws/install/cpp_first_pkg/share/cpp_first_pkg/cmake/cpp_first_pkgConfig.cmake
[7.205s] -- Symlinking: /home/apple/gcamp_ros2_ws/install/cpp_first_pkg/share/cpp_first_pkg/cmake/cpp_first_pkgConfig-version.cmake
[7.218s] -- Symlinking: /home/apple/gcamp_ros2_ws/install/cpp_first_pkg/share/cpp_first_pkg/package.xml
[7.231s] -- Symlinking: /home/apple/gcamp_ros2_ws/install/cpp_first_pkg/share/cpp_first_pkg//launch/simple_node.launch.py
[7.263s] Invoked command in '/home/apple/gcamp_ros2_ws/build/cpp_first_pkg' returned '0': CMAKE_PREFIX_PATH=${CMAKE_PREFIX_PATH}:/home/apple/gcamp_ros2_ws/install/py_topic_pkg:/home/apple/gcamp_ros2_ws/install/py_service_pkg:/home/apple/gcamp_ros2_ws/install/py_action_pkg:/opt/ros/foxy /usr/bin/cmake --install /home/apple/gcamp_ros2_ws/build/cpp_first_pkg
