[0.517s] Invoking command in '/home/apple/gcamp_ros2_ws/build/py_service_pkg': CMAKE_PREFIX_PATH=/home/apple/gcamp_ros2_ws/install/custom_interfaces:/home/apple/gcamp_ros2_ws/install/gcamp_gazebo:/home/apple/gcamp_ros2_ws/install/cpp_service_pkg:/home/apple/gcamp_ros2_ws/install/cpp_action_pkg:/home/apple/gcamp_ros2_ws/install/cpp_topic_pkg:/home/apple/gcamp_ros2_ws/install/cpp_service_tutorial:/home/apple/gcamp_ros2_ws/install/cpp_first_pkg PYTHONPATH=/home/apple/gcamp_ros2_ws/install/py_service_pkg/lib/python3.8/site-packages:/home/apple/gcamp_ros2_ws/install/custom_interfaces/lib/python3.8/site-packages:/home/apple/gcamp_ros2_ws/build/py_topic_pkg:/home/apple/gcamp_ros2_ws/install/py_topic_pkg/lib/python3.8/site-packages:/home/apple/gcamp_ros2_ws/build/py_service_pkg:/home/apple/gcamp_ros2_ws/install/py_service_pkg/lib/python3.8/site-packages:/home/apple/gcamp_ros2_ws/build/py_first_pkg:/home/apple/gcamp_ros2_ws/install/py_first_pkg/lib/python3.8/site-packages:/home/apple/gcamp_ros2_ws/build/py_action_pkg:/home/apple/gcamp_ros2_ws/install/py_action_pkg/lib/python3.8/site-packages:/opt/ros/foxy/lib/python3.8/site-packages /usr/bin/python3 setup.py develop --prefix /home/apple/gcamp_ros2_ws/install/py_service_pkg --editable --build-directory /home/apple/gcamp_ros2_ws/build/py_service_pkg/build --no-deps install_data --install-dir /home/apple/gcamp_ros2_ws/install/py_service_pkg
[0.854s] running develop
[1.025s] running egg_info
[1.025s] writing py_service_pkg.egg-info/PKG-INFO
[1.025s] writing dependency_links to py_service_pkg.egg-info/dependency_links.txt
[1.025s] writing entry points to py_service_pkg.egg-info/entry_points.txt
[1.025s] writing requirements to py_service_pkg.egg-info/requires.txt
[1.025s] writing top-level names to py_service_pkg.egg-info/top_level.txt
[1.171s] reading manifest file 'py_service_pkg.egg-info/SOURCES.txt'
[1.172s] writing manifest file 'py_service_pkg.egg-info/SOURCES.txt'
[1.423s] running build_ext
[1.429s] Creating /home/apple/gcamp_ros2_ws/install/py_service_pkg/lib/python3.8/site-packages/py-service-pkg.egg-link (link to .)
[1.430s] Installing basic_client script to /home/apple/gcamp_ros2_ws/install/py_service_pkg/lib/py_service_pkg
[1.467s] Installing basic_server script to /home/apple/gcamp_ros2_ws/install/py_service_pkg/lib/py_service_pkg
[1.468s] Installing custom_srv_client script to /home/apple/gcamp_ros2_ws/install/py_service_pkg/lib/py_service_pkg
[1.468s] Installing custom_srv_server script to /home/apple/gcamp_ros2_ws/install/py_service_pkg/lib/py_service_pkg
[1.469s] Installing gazebo_model_spawner script to /home/apple/gcamp_ros2_ws/install/py_service_pkg/lib/py_service_pkg
[1.469s] Installing robot_turning_client script to /home/apple/gcamp_ros2_ws/install/py_service_pkg/lib/py_service_pkg
[1.470s] Installing robot_turning_server script to /home/apple/gcamp_ros2_ws/install/py_service_pkg/lib/py_service_pkg
[1.470s] Installing spawn_skidbot script to /home/apple/gcamp_ros2_ws/install/py_service_pkg/lib/py_service_pkg
[1.471s] 
[1.471s] Installed /home/apple/gcamp_ros2_ws/build/py_service_pkg
[1.471s] running install_data
[1.517s] Invoked command in '/home/apple/gcamp_ros2_ws/build/py_service_pkg' returned '0': CMAKE_PREFIX_PATH=/home/apple/gcamp_ros2_ws/install/custom_interfaces:/home/apple/gcamp_ros2_ws/install/gcamp_gazebo:/home/apple/gcamp_ros2_ws/install/cpp_service_pkg:/home/apple/gcamp_ros2_ws/install/cpp_action_pkg:/home/apple/gcamp_ros2_ws/install/cpp_topic_pkg:/home/apple/gcamp_ros2_ws/install/cpp_service_tutorial:/home/apple/gcamp_ros2_ws/install/cpp_first_pkg PYTHONPATH=/home/apple/gcamp_ros2_ws/install/py_service_pkg/lib/python3.8/site-packages:/home/apple/gcamp_ros2_ws/install/custom_interfaces/lib/python3.8/site-packages:/home/apple/gcamp_ros2_ws/build/py_topic_pkg:/home/apple/gcamp_ros2_ws/install/py_topic_pkg/lib/python3.8/site-packages:/home/apple/gcamp_ros2_ws/build/py_service_pkg:/home/apple/gcamp_ros2_ws/install/py_service_pkg/lib/python3.8/site-packages:/home/apple/gcamp_ros2_ws/build/py_first_pkg:/home/apple/gcamp_ros2_ws/install/py_first_pkg/lib/python3.8/site-packages:/home/apple/gcamp_ros2_ws/build/py_action_pkg:/home/apple/gcamp_ros2_ws/install/py_action_pkg/lib/python3.8/site-packages:/opt/ros/foxy/lib/python3.8/site-packages /usr/bin/python3 setup.py develop --prefix /home/apple/gcamp_ros2_ws/install/py_service_pkg --editable --build-directory /home/apple/gcamp_ros2_ws/build/py_service_pkg/build --no-deps install_data --install-dir /home/apple/gcamp_ros2_ws/install/py_service_pkg
